<?xml version="1.0" encoding="UTF-8"?>
<coverage generated="1666261991293" clover="3.2.0">
  <project timestamp="1666261991293" name="All files">
    <metrics statements="24" coveredstatements="9" conditionals="2" coveredconditionals="0" methods="6" coveredmethods="1" elements="32" coveredelements="10" complexity="0" loc="24" ncloc="24" packages="1" files="1" classes="1"/>
    <file name="likes.js" path="C:\Users\user\Documents\Experiments And Training Lab\Microverse-Projects\Javascript-capstone-project\src\js\modules\likes.js">
      <metrics statements="24" coveredstatements="9" conditionals="2" coveredconditionals="0" methods="6" coveredmethods="1"/>
      <line num="1" count="1" type="stmt"/>
      <line num="3" count="1" type="stmt"/>
      <line num="4" count="0" type="stmt"/>
      <line num="5" count="0" type="stmt"/>
      <line num="6" count="0" type="stmt"/>
      <line num="9" count="1" type="stmt"/>
      <line num="10" count="0" type="stmt"/>
      <line num="19" count="0" type="stmt"/>
      <line num="22" count="1" type="stmt"/>
      <line num="23" count="0" type="stmt"/>
      <line num="26" count="0" type="stmt"/>
      <line num="27" count="0" type="stmt"/>
      <line num="28" count="0" type="cond" truecount="0" falsecount="2"/>
      <line num="29" count="0" type="stmt"/>
      <line num="34" count="1" type="stmt"/>
      <line num="35" count="1" type="stmt"/>
      <line num="36" count="1" type="stmt"/>
      <line num="37" count="1" type="stmt"/>
      <line num="40" count="1" type="stmt"/>
      <line num="41" count="0" type="stmt"/>
      <line num="42" count="0" type="stmt"/>
      <line num="43" count="0" type="stmt"/>
      <line num="44" count="0" type="stmt"/>
      <line num="45" count="0" type="stmt"/>
    </file>
  </project>
</coverage>
